Performing C SOURCE FILE Test CMAKE_HAVE_LIBC_PTHREAD failed with the following output:
Change Dir: /home/nano/Library-Book-Guide/cat_ws/build_isolated/rplidar_ros/CMakeFiles/CMakeTmp

Run Build Command(s):/usr/bin/make -f Makefile cmTC_f22b1/fast && /usr/bin/make  -f CMakeFiles/cmTC_f22b1.dir/build.make CMakeFiles/cmTC_f22b1.dir/build
make[1]: Entering directory '/home/nano/Library-Book-Guide/cat_ws/build_isolated/rplidar_ros/CMakeFiles/CMakeTmp'
Building C object CMakeFiles/cmTC_f22b1.dir/src.c.o
/usr/bin/cc -DCMAKE_HAVE_LIBC_PTHREAD   -o CMakeFiles/cmTC_f22b1.dir/src.c.o -c /home/nano/Library-Book-Guide/cat_ws/build_isolated/rplidar_ros/CMakeFiles/CMakeTmp/src.c
Linking C executable cmTC_f22b1
/usr/local/bin/cmake -E cmake_link_script CMakeFiles/cmTC_f22b1.dir/link.txt --verbose=1
/usr/bin/cc -rdynamic CMakeFiles/cmTC_f22b1.dir/src.c.o -o cmTC_f22b1 
CMakeFiles/cmTC_f22b1.dir/src.c.o: In function `main':
src.c:(.text+0x48): undefined reference to `pthread_create'
src.c:(.text+0x50): undefined reference to `pthread_detach'
src.c:(.text+0x58): undefined reference to `pthread_cancel'
src.c:(.text+0x64): undefined reference to `pthread_join'
src.c:(.text+0x74): undefined reference to `pthread_atfork'
collect2: error: ld returned 1 exit status
CMakeFiles/cmTC_f22b1.dir/build.make:98: recipe for target 'cmTC_f22b1' failed
make[1]: *** [cmTC_f22b1] Error 1
make[1]: Leaving directory '/home/nano/Library-Book-Guide/cat_ws/build_isolated/rplidar_ros/CMakeFiles/CMakeTmp'
Makefile:127: recipe for target 'cmTC_f22b1/fast' failed
make: *** [cmTC_f22b1/fast] Error 2


Source file was:
#include <pthread.h>

static void* test_func(void* data)
{
  return data;
}

int main(void)
{
  pthread_t thread;
  pthread_create(&thread, NULL, test_func, NULL);
  pthread_detach(thread);
  pthread_cancel(thread);
  pthread_join(thread, NULL);
  pthread_atfork(NULL, NULL, NULL);
  pthread_exit(NULL);

  return 0;
}

Determining if the function pthread_create exists in the pthreads failed with the following output:
Change Dir: /home/nano/Library-Book-Guide/cat_ws/build_isolated/rplidar_ros/CMakeFiles/CMakeTmp

Run Build Command(s):/usr/bin/make -f Makefile cmTC_bc747/fast && /usr/bin/make  -f CMakeFiles/cmTC_bc747.dir/build.make CMakeFiles/cmTC_bc747.dir/build
make[1]: Entering directory '/home/nano/Library-Book-Guide/cat_ws/build_isolated/rplidar_ros/CMakeFiles/CMakeTmp'
Building C object CMakeFiles/cmTC_bc747.dir/CheckFunctionExists.c.o
/usr/bin/cc   -DCHECK_FUNCTION_EXISTS=pthread_create -o CMakeFiles/cmTC_bc747.dir/CheckFunctionExists.c.o -c /usr/local/share/cmake-3.22/Modules/CheckFunctionExists.c
Linking C executable cmTC_bc747
/usr/local/bin/cmake -E cmake_link_script CMakeFiles/cmTC_bc747.dir/link.txt --verbose=1
/usr/bin/cc  -DCHECK_FUNCTION_EXISTS=pthread_create -rdynamic CMakeFiles/cmTC_bc747.dir/CheckFunctionExists.c.o -o cmTC_bc747  -lpthreads 
/usr/bin/ld: cannot find -lpthreads
collect2: error: ld returned 1 exit status
CMakeFiles/cmTC_bc747.dir/build.make:98: recipe for target 'cmTC_bc747' failed
make[1]: *** [cmTC_bc747] Error 1
make[1]: Leaving directory '/home/nano/Library-Book-Guide/cat_ws/build_isolated/rplidar_ros/CMakeFiles/CMakeTmp'
Makefile:127: recipe for target 'cmTC_bc747/fast' failed
make: *** [cmTC_bc747/fast] Error 2



