Performing C++ SOURCE FILE Test HAVE_BIGOBJ failed with the following output:
Change Dir: /home/nano/Library-Book-Guide/cat_ws/build_isolated/ceres-solver/install/CMakeFiles/CMakeTmp

Run Build Command(s):/usr/bin/ninja cmTC_92067 && [1/2] Building CXX object CMakeFiles/cmTC_92067.dir/src.cxx.o
FAILED: CMakeFiles/cmTC_92067.dir/src.cxx.o 
/usr/bin/c++ -DHAVE_BIGOBJ  -fPIE   /bigobj -o CMakeFiles/cmTC_92067.dir/src.cxx.o -c /home/nano/Library-Book-Guide/cat_ws/build_isolated/ceres-solver/install/CMakeFiles/CMakeTmp/src.cxx
c++: error: /bigobj: No such file or directory
ninja: build stopped: subcommand failed.


Source file was:
int main() { return 0; }
Performing C++ SOURCE FILE Test ABSL_INTERNAL_AT_LEAST_CXX20 failed with the following output:
Change Dir: /home/nano/Library-Book-Guide/cat_ws/build_isolated/ceres-solver/install/CMakeFiles/CMakeTmp

Run Build Command(s):/usr/bin/ninja cmTC_943aa && [1/2] Building CXX object CMakeFiles/cmTC_943aa.dir/src.cxx.o
FAILED: CMakeFiles/cmTC_943aa.dir/src.cxx.o 
/usr/bin/c++ -DABSL_INTERNAL_AT_LEAST_CXX20  -fPIE -std=gnu++17 -o CMakeFiles/cmTC_943aa.dir/src.cxx.o -c /home/nano/Library-Book-Guide/cat_ws/build_isolated/ceres-solver/install/CMakeFiles/CMakeTmp/src.cxx
/home/nano/Library-Book-Guide/cat_ws/build_isolated/ceres-solver/install/CMakeFiles/CMakeTmp/src.cxx:6:4: error: #error "The compiler defaults or is configured for C++ < 20"
 #  error "The compiler defaults or is configured for C++ < 20"
    ^~~~~
ninja: build stopped: subcommand failed.


Source file was:
#ifdef _MSC_VER
#  if _MSVC_LANG < 202002L
#    error "The compiler defaults or is configured for C++ < 20"
#  endif
#elif __cplusplus < 202002L
#  error "The compiler defaults or is configured for C++ < 20"
#endif
int main() { return 0; }

Performing C SOURCE FILE Test CMAKE_HAVE_LIBC_PTHREAD failed with the following output:
Change Dir: /home/nano/Library-Book-Guide/cat_ws/build_isolated/ceres-solver/install/CMakeFiles/CMakeTmp

Run Build Command(s):/usr/bin/ninja cmTC_b6b4c && [1/2] Building C object CMakeFiles/cmTC_b6b4c.dir/src.c.o
[2/2] Linking C executable cmTC_b6b4c
FAILED: cmTC_b6b4c 
: && /usr/bin/cc   CMakeFiles/cmTC_b6b4c.dir/src.c.o -o cmTC_b6b4c   && :
CMakeFiles/cmTC_b6b4c.dir/src.c.o: In function `main':
src.c:(.text+0x48): undefined reference to `pthread_create'
src.c:(.text+0x50): undefined reference to `pthread_detach'
src.c:(.text+0x58): undefined reference to `pthread_cancel'
src.c:(.text+0x64): undefined reference to `pthread_join'
src.c:(.text+0x74): undefined reference to `pthread_atfork'
collect2: error: ld returned 1 exit status
ninja: build stopped: subcommand failed.


Source file was:
#include <pthread.h>

static void* test_func(void* data)
{
  return data;
}

int main(void)
{
  pthread_t thread;
  pthread_create(&thread, NULL, test_func, NULL);
  pthread_detach(thread);
  pthread_cancel(thread);
  pthread_join(thread, NULL);
  pthread_atfork(NULL, NULL, NULL);
  pthread_exit(NULL);

  return 0;
}

Determining if the function pthread_create exists in the pthreads failed with the following output:
Change Dir: /home/nano/Library-Book-Guide/cat_ws/build_isolated/ceres-solver/install/CMakeFiles/CMakeTmp

Run Build Command(s):/usr/bin/ninja cmTC_0aa15 && [1/2] Building C object CMakeFiles/cmTC_0aa15.dir/CheckFunctionExists.c.o
[2/2] Linking C executable cmTC_0aa15
FAILED: cmTC_0aa15 
: && /usr/bin/cc -DCHECK_FUNCTION_EXISTS=pthread_create  CMakeFiles/cmTC_0aa15.dir/CheckFunctionExists.c.o -o cmTC_0aa15  -lpthreads && :
/usr/bin/ld: cannot find -lpthreads
collect2: error: ld returned 1 exit status
ninja: build stopped: subcommand failed.



Checking whether the CUDA compiler is NVIDIA using "" did not match "nvcc: NVIDIA \(R\) Cuda compiler driver":
Checking whether the CUDA compiler is Clang using "" did not match "(clang version)":
Compiling the CUDA compiler identification source file "CMakeCUDACompilerId.cu" failed.
Compiler: CMAKE_CUDA_COMPILER-NOTFOUND 
Build flags: 
Id flags:  -v

The output was:
No such file or directory


Compiling the CUDA compiler identification source file "CMakeCUDACompilerId.cu" failed.
Compiler: CMAKE_CUDA_COMPILER-NOTFOUND 
Build flags: 
Id flags:  -v

The output was:
No such file or directory


Determining if the function sgemm_ exists failed with the following output:
Change Dir: /home/nano/Library-Book-Guide/cat_ws/build_isolated/ceres-solver/install/CMakeFiles/CMakeTmp

Run Build Command(s):/usr/bin/ninja cmTC_c47fa && [1/2] Building C object CMakeFiles/cmTC_c47fa.dir/CheckFunctionExists.c.o
[2/2] Linking C executable cmTC_c47fa
FAILED: cmTC_c47fa 
: && /usr/bin/cc -DCHECK_FUNCTION_EXISTS=sgemm_  CMakeFiles/cmTC_c47fa.dir/CheckFunctionExists.c.o -o cmTC_c47fa   && :
CMakeFiles/cmTC_c47fa.dir/CheckFunctionExists.c.o: In function `main':
CheckFunctionExists.c:(.text+0x10): undefined reference to `sgemm_'
collect2: error: ld returned 1 exit status
ninja: build stopped: subcommand failed.



Determining if the function cheev_ exists failed with the following output:
Change Dir: /home/nano/Library-Book-Guide/cat_ws/build_isolated/ceres-solver/install/CMakeFiles/CMakeTmp

Run Build Command(s):/usr/bin/ninja cmTC_6cac4 && [1/2] Building C object CMakeFiles/cmTC_6cac4.dir/CheckFunctionExists.c.o
[2/2] Linking C executable cmTC_6cac4
FAILED: cmTC_6cac4 
: && /usr/bin/cc -DCHECK_FUNCTION_EXISTS=cheev_  CMakeFiles/cmTC_6cac4.dir/CheckFunctionExists.c.o -o cmTC_6cac4  /usr/lib/aarch64-linux-gnu/libblas.so  /usr/lib/aarch64-linux-gnu/libf77blas.so  /usr/lib/aarch64-linux-gnu/libatlas.so  -lpthread  -lm  -ldl && :
CMakeFiles/cmTC_6cac4.dir/CheckFunctionExists.c.o: In function `main':
CheckFunctionExists.c:(.text+0x10): undefined reference to `cheev_'
collect2: error: ld returned 1 exit status
ninja: build stopped: subcommand failed.



Determining if the function cheev_ exists failed with the following output:
Change Dir: /home/nano/Library-Book-Guide/cat_ws/build_isolated/ceres-solver/install/CMakeFiles/CMakeTmp

Run Build Command(s):/usr/bin/ninja cmTC_7bdc0 && [1/2] Building C object CMakeFiles/cmTC_7bdc0.dir/CheckFunctionExists.c.o
[2/2] Linking C executable cmTC_7bdc0
FAILED: cmTC_7bdc0 
: && /usr/bin/cc -DCHECK_FUNCTION_EXISTS=cheev_  CMakeFiles/cmTC_7bdc0.dir/CheckFunctionExists.c.o -o cmTC_7bdc0  /usr/lib/aarch64-linux-gnu/liblapack.so  /usr/lib/aarch64-linux-gnu/libblas.so  /usr/lib/aarch64-linux-gnu/libf77blas.so  /usr/lib/aarch64-linux-gnu/libatlas.so  -fortranlibs && :
cc: error: unrecognized command line option ‘-fortranlibs’; did you mean ‘-fltrans’?
ninja: build stopped: subcommand failed.



