Performing C SOURCE FILE Test CMAKE_HAVE_LIBC_PTHREAD failed with the following output:
Change Dir: /home/nano/Library-Book-Guide/cat_ws/build_isolated/cartographer_ros_msgs/CMakeFiles/CMakeTmp

Run Build Command(s):/usr/bin/ninja cmTC_d6650 && [1/2] Building C object CMakeFiles/cmTC_d6650.dir/src.c.o
[2/2] Linking C executable cmTC_d6650
FAILED: cmTC_d6650 
: && /usr/bin/cc  -rdynamic CMakeFiles/cmTC_d6650.dir/src.c.o -o cmTC_d6650   && :
CMakeFiles/cmTC_d6650.dir/src.c.o: In function `main':
src.c:(.text+0x48): undefined reference to `pthread_create'
src.c:(.text+0x50): undefined reference to `pthread_detach'
src.c:(.text+0x58): undefined reference to `pthread_cancel'
src.c:(.text+0x64): undefined reference to `pthread_join'
src.c:(.text+0x74): undefined reference to `pthread_atfork'
collect2: error: ld returned 1 exit status
ninja: build stopped: subcommand failed.


Source file was:
#include <pthread.h>

static void* test_func(void* data)
{
  return data;
}

int main(void)
{
  pthread_t thread;
  pthread_create(&thread, NULL, test_func, NULL);
  pthread_detach(thread);
  pthread_cancel(thread);
  pthread_join(thread, NULL);
  pthread_atfork(NULL, NULL, NULL);
  pthread_exit(NULL);

  return 0;
}

Determining if the function pthread_create exists in the pthreads failed with the following output:
Change Dir: /home/nano/Library-Book-Guide/cat_ws/build_isolated/cartographer_ros_msgs/CMakeFiles/CMakeTmp

Run Build Command(s):/usr/bin/ninja cmTC_a8c5a && [1/2] Building C object CMakeFiles/cmTC_a8c5a.dir/CheckFunctionExists.c.o
[2/2] Linking C executable cmTC_a8c5a
FAILED: cmTC_a8c5a 
: && /usr/bin/cc -DCHECK_FUNCTION_EXISTS=pthread_create -rdynamic CMakeFiles/cmTC_a8c5a.dir/CheckFunctionExists.c.o -o cmTC_a8c5a  -lpthreads && :
/usr/bin/ld: cannot find -lpthreads
collect2: error: ld returned 1 exit status
ninja: build stopped: subcommand failed.



